0 info it worked if it ends with ok
1 verbose cli [ '/home/ec2-user/.nvm/versions/node/v4.4.5/bin/node',
1 verbose cli   '/home/ec2-user/.nvm/versions/node/v4.4.5/bin/npm',
1 verbose cli   'i' ]
2 info using npm@2.15.5
3 info using node@v4.4.5
4 verbose readDependencies loading dependencies from /home/ec2-user/NSPK-Enterprise/package.json
5 error install Couldn't read dependencies
6 verbose stack Error: ENOENT: no such file or directory, open '/home/ec2-user/NSPK-Enterprise/package.json'
6 verbose stack     at Error (native)
7 verbose cwd /home/ec2-user/NSPK-Enterprise
8 error Linux 4.14.109-80.92.amzn1.x86_64
9 error argv "/home/ec2-user/.nvm/versions/node/v4.4.5/bin/node" "/home/ec2-user/.nvm/versions/node/v4.4.5/bin/npm" "i"
10 error node v4.4.5
11 error npm  v2.15.5
12 error path /home/ec2-user/NSPK-Enterprise/package.json
13 error code ENOPACKAGEJSON
14 error errno -2
15 error syscall open
16 error package.json ENOENT: no such file or directory, open '/home/ec2-user/NSPK-Enterprise/package.json'
16 error package.json This is most likely not a problem with npm itself.
16 error package.json npm can't find a package.json file in your current directory.
17 verbose exit [ -2, true ]
